#
# There is insufficient memory for the Java Runtime Environment to continue.
# Native memory allocation (mmap) failed to map 132120576 bytes. Error detail: G1 virtual space
# Possible reasons:
#   The system is out of physical RAM or swap space
#   This process is running with CompressedOops enabled, and the Java Heap may be blocking the growth of the native heap
# Possible solutions:
#   Reduce memory load on the system
#   Increase physical memory or swap space
#   Check if swap backing store is full
#   Decrease Java heap size (-Xmx/-Xms)
#   Decrease number of Java threads
#   Decrease Java thread stack sizes (-Xss)
#   Set larger code cache with -XX:ReservedCodeCacheSize=
#   JVM is running with Unscaled Compressed Oops mode in which the Java heap is
#     placed in the first 4GB address space. The Java Heap base address is the
#     maximum limit for the native heap growth. Please use -XX:HeapBaseMinAddress
#     to set the Java Heap base and to place the Java Heap above 4GB virtual address.
# This output file may be truncated or incomplete.
#
#  Out of Memory Error (os_windows.cpp:3828), pid=17364, tid=33032
#
# JRE version:  (21.0.5+8) (build )
# Java VM: OpenJDK 64-Bit Server VM (21.0.5+8-b631.30, mixed mode, sharing, tiered, compressed oops, compressed class ptrs, g1 gc, windows-amd64)
# No core dump will be written. Minidumps are not enabled by default on client versions of Windows
#

---------------  S U M M A R Y ------------

Command Line: git4idea.http.GitAskPassApp Username for 'https://github.com': 

Host: Intel(R) Core(TM) i3-10110U CPU @ 2.10GHz, 4 cores, 7G,  Windows 11 , 64 bit Build 22621 (10.0.22621.4974)
Time: Fri Mar 28 22:00:06 2025 South Africa Standard Time elapsed time: 0.051184 seconds (0d 0h 0m 0s)

---------------  T H R E A D  ---------------

Current thread (0x0000015d66d10850):  JavaThread "Unknown thread" [_thread_in_vm, id=33032, stack(0x00000049eff00000,0x00000049f0000000) (1024K)]

Stack: [0x00000049eff00000,0x00000049f0000000]
Native frames: (J=compiled Java code, j=interpreted, Vv=VM code, C=native code)
V  [jvm.dll+0x6e52b9]
V  [jvm.dll+0x8c3633]
V  [jvm.dll+0x8c5b8e]
V  [jvm.dll+0x8c6273]
V  [jvm.dll+0x288f46]
V  [jvm.dll+0x6e1a35]
V  [jvm.dll+0x6d5e3a]
V  [jvm.dll+0x3634bb]
V  [jvm.dll+0x36b086]
V  [jvm.dll+0x3bd346]
V  [jvm.dll+0x3bd618]
V  [jvm.dll+0x335c2c]
V  [jvm.dll+0x33691b]
V  [jvm.dll+0x88aa89]
V  [jvm.dll+0x3ca518]
V  [jvm.dll+0x873b98]
V  [jvm.dll+0x45eede]
V  [jvm.dll+0x460bc1]
C  [jli.dll+0x52ab]
C  [ucrtbase.dll+0x29333]
C  [KERNEL32.DLL+0x1259d]
C  [ntdll.dll+0x5af38]


---------------  P R O C E S S  ---------------

Threads class SMR info:
_java_thread_list=0x00007ffe7860a148, length=0, elements={
}

Java Threads: ( => current thread )
Total: 0

Other Threads:
  0x0000015d66d63bd0 WorkerThread "GC Thread#0"                     [id=25040, stack(0x00000049f0000000,0x00000049f0100000) (1024K)]
  0x0000015d66d74510 ConcurrentGCThread "G1 Main Marker"            [id=13144, stack(0x00000049f0100000,0x00000049f0200000) (1024K)]
  0x0000015d66d756c0 WorkerThread "G1 Conc#0"                       [id=1640, stack(0x00000049f0200000,0x00000049f0300000) (1024K)]

[error occurred during error reporting (printing all threads), id 0xc0000005, EXCEPTION_ACCESS_VIOLATION (0xc0000005) at pc=0x00007ffe77cf8ce7]
VM state: not at safepoint (not fully initialized)

VM Mutex/Monitor currently owned by a thread:  ([mutex/lock_event])
[0x00007ffe7867eb30] Heap_lock - owner thread: 0x0000015d66d10850

Heap address: 0x0000000082800000, size: 2008 MB, Compressed Oops mode: 32-bit

CDS archive(s) mapped at: [0x0000000000000000-0x0000000000000000-0x0000000000000000), size 0, SharedBaseAddress: 0x0000000800000000, ArchiveRelocationMode: 1.
Narrow klass base: 0x0000000000000000, Narrow klass shift: 0, Narrow klass range: 0x0

GC Precious Log:
 CardTable entry size: 512
 Card Set container configuration: InlinePtr #cards 5 size 8 Array Of Cards #cards 12 size 40 Howl #buckets 4 coarsen threshold 1843 Howl Bitmap #cards 512 size 80 coarsen threshold 460 Card regions per heap region 1 cards per card region 2048

Heap:
 garbage-first heap   total 0K, used 0K [0x0000000082800000, 0x0000000100000000)
  region size 1024K, 0 young (0K), 0 survivors (0K)
 Metaspace       used 0K, committed 0K, reserved 0K
  class space    used 0K, committed 0K, reserved 0K

Heap Regions: E=young(eden), S=young(survivor), O=old, HS=humongous(starts), HC=humongous(continues), CS=collection set, F=free, TAMS=top-at-mark-start, PB=parsable bottom

Card table byte_map: [0x0000015d7a090000,0x0000015d7a480000] _byte_map_base: 0x0000015d79c7c000

Marking Bits: (CMBitMap*) 0x0000015d66d63f80
 Bits: [0x0000015d7a480000, 0x0000015d7c3e0000)

GC Heap History (0 events):
No events

Dll operation events (1 events):
Event: 0.028 Loaded shared library C:\Program Files\JetBrains\IntelliJ IDEA 2024.3.2.2\jbr\bin\java.dll

Deoptimization events (0 events):
No events

Classes loaded (0 events):
No events

Classes unloaded (0 events):
No events

Classes redefined (0 events):
No events

Internal exceptions (0 events):
No events

ZGC Phase Switch (0 events):
No events

VM Operations (0 events):
No events

Memory protections (0 events):
No events

Nmethod flushes (0 events):
No events

Events (0 events):
No events


Dynamic libraries:
0x00007ff7db8f0000 - 0x00007ff7db8fa000 	C:\Program Files\JetBrains\IntelliJ IDEA 2024.3.2.2\jbr\bin\java.exe
0x00007fff1af90000 - 0x00007fff1b1a7000 	C:\WINDOWS\SYSTEM32\ntdll.dll
0x00007fff18f40000 - 0x00007fff19004000 	C:\WINDOWS\System32\KERNEL32.DLL
0x00007fff185c0000 - 0x00007fff18991000 	C:\WINDOWS\System32\KERNELBASE.dll
0x00007fff184a0000 - 0x00007fff185b1000 	C:\WINDOWS\System32\ucrtbase.dll
0x00007fff0eea0000 - 0x00007fff0eebb000 	C:\Program Files\JetBrains\IntelliJ IDEA 2024.3.2.2\jbr\bin\VCRUNTIME140.dll
0x00007ffee6790000 - 0x00007ffee67a8000 	C:\Program Files\JetBrains\IntelliJ IDEA 2024.3.2.2\jbr\bin\jli.dll
0x00007fff18c60000 - 0x00007fff18e11000 	C:\WINDOWS\System32\USER32.dll
0x00007fff18bb0000 - 0x00007fff18bd6000 	C:\WINDOWS\System32\win32u.dll
0x00007fff1aeb0000 - 0x00007fff1aed9000 	C:\WINDOWS\System32\GDI32.dll
0x00007fff173f0000 - 0x00007fff17682000 	C:\WINDOWS\WinSxS\amd64_microsoft.windows.common-controls_6595b64144ccf1df_6.0.22621.4830_none_270fe7d773858e80\COMCTL32.dll
0x00007fff18a60000 - 0x00007fff18b7b000 	C:\WINDOWS\System32\gdi32full.dll
0x00007fff192c0000 - 0x00007fff19367000 	C:\WINDOWS\System32\msvcrt.dll
0x00007fff18400000 - 0x00007fff1849a000 	C:\WINDOWS\System32\msvcp_win.dll
0x00007fff19120000 - 0x00007fff19151000 	C:\WINDOWS\System32\IMM32.DLL
0x00007fff17020000 - 0x00007fff1702c000 	C:\Program Files\JetBrains\IntelliJ IDEA 2024.3.2.2\jbr\bin\vcruntime140_1.dll
0x00007ffeb57e0000 - 0x00007ffeb586d000 	C:\Program Files\JetBrains\IntelliJ IDEA 2024.3.2.2\jbr\bin\msvcp140.dll
0x00007ffe779b0000 - 0x00007ffe78771000 	C:\Program Files\JetBrains\IntelliJ IDEA 2024.3.2.2\jbr\bin\server\jvm.dll
0x00007fff19370000 - 0x00007fff19421000 	C:\WINDOWS\System32\ADVAPI32.dll
0x00007fff191c0000 - 0x00007fff19267000 	C:\WINDOWS\System32\sechost.dll
0x00007fff18b80000 - 0x00007fff18ba8000 	C:\WINDOWS\System32\bcrypt.dll
0x00007fff18e20000 - 0x00007fff18f34000 	C:\WINDOWS\System32\RPCRT4.dll
0x00007fff1abc0000 - 0x00007fff1ac31000 	C:\WINDOWS\System32\WS2_32.dll
0x00007fff11480000 - 0x00007fff114b4000 	C:\WINDOWS\SYSTEM32\WINMM.dll
0x00007fff03af0000 - 0x00007fff03afa000 	C:\WINDOWS\SYSTEM32\VERSION.dll
0x00007fff17fa0000 - 0x00007fff17fed000 	C:\WINDOWS\SYSTEM32\POWRPROF.dll
0x00007fff17f80000 - 0x00007fff17f93000 	C:\WINDOWS\SYSTEM32\UMPDC.dll
0x00007fff161c0000 - 0x00007fff161d8000 	C:\WINDOWS\SYSTEM32\kernel.appcore.dll
0x00007fff16f60000 - 0x00007fff16f6a000 	C:\Program Files\JetBrains\IntelliJ IDEA 2024.3.2.2\jbr\bin\jimage.dll
0x00007fff17900000 - 0x00007fff17b32000 	C:\WINDOWS\SYSTEM32\DBGHELP.DLL
0x00007fff19450000 - 0x00007fff197e0000 	C:\WINDOWS\System32\combase.dll
0x00007fff19b40000 - 0x00007fff19c17000 	C:\WINDOWS\System32\OLEAUT32.dll
0x00007fff17830000 - 0x00007fff17862000 	C:\WINDOWS\SYSTEM32\dbgcore.DLL
0x00007fff18be0000 - 0x00007fff18c5b000 	C:\WINDOWS\System32\bcryptPrimitives.dll
0x00007fff076a0000 - 0x00007fff076c0000 	C:\Program Files\JetBrains\IntelliJ IDEA 2024.3.2.2\jbr\bin\java.dll

dbghelp: loaded successfully - version: 4.0.5 - missing functions: none
symbol engine: initialized successfully - sym options: 0x614 - pdb path: .;C:\Program Files\JetBrains\IntelliJ IDEA 2024.3.2.2\jbr\bin;C:\WINDOWS\SYSTEM32;C:\WINDOWS\WinSxS\amd64_microsoft.windows.common-controls_6595b64144ccf1df_6.0.22621.4830_none_270fe7d773858e80;C:\Program Files\JetBrains\IntelliJ IDEA 2024.3.2.2\jbr\bin\server

VM Arguments:
java_command: git4idea.http.GitAskPassApp Username for 'https://github.com': 
java_class_path (initial): C:/Program Files/JetBrains/IntelliJ IDEA 2024.3.2.2/plugins/vcs-git/lib/git4idea-rt.jar;C:/Program Files/JetBrains/IntelliJ IDEA 2024.3.2.2/lib/externalProcess-rt.jar
Launcher Type: SUN_STANDARD

[Global flags]
     intx CICompilerCount                          = 3                                         {product} {ergonomic}
     uint ConcGCThreads                            = 1                                         {product} {ergonomic}
     uint G1ConcRefinementThreads                  = 4                                         {product} {ergonomic}
   size_t G1HeapRegionSize                         = 1048576                                   {product} {ergonomic}
    uintx GCDrainStackTargetSize                   = 64                                        {product} {ergonomic}
   size_t InitialHeapSize                          = 132120576                                 {product} {ergonomic}
   size_t MarkStackSize                            = 4194304                                   {product} {ergonomic}
   size_t MaxHeapSize                              = 2105540608                                {product} {ergonomic}
   size_t MinHeapDeltaBytes                        = 1048576                                   {product} {ergonomic}
   size_t MinHeapSize                              = 8388608                                   {product} {ergonomic}
    uintx NonNMethodCodeHeapSize                   = 5832780                                {pd product} {ergonomic}
    uintx NonProfiledCodeHeapSize                  = 122912730                              {pd product} {ergonomic}
    uintx ProfiledCodeHeapSize                     = 122912730                              {pd product} {ergonomic}
    uintx ReservedCodeCacheSize                    = 251658240                              {pd product} {ergonomic}
     bool SegmentedCodeCache                       = true                                      {product} {ergonomic}
   size_t SoftMaxHeapSize                          = 2105540608                             {manageable} {ergonomic}
     bool UseCompressedOops                        = true                           {product lp64_product} {ergonomic}
     bool UseG1GC                                  = true                                      {product} {ergonomic}
     bool UseLargePagesIndividualAllocation        = false                                  {pd product} {ergonomic}

Logging:
Log output configuration:
 #0: stdout all=warning uptime,level,tags foldmultilines=false
 #1: stderr all=off uptime,level,tags foldmultilines=false

Environment Variables:
PATH=C:\Program Files\Git\mingw64\libexec\git-core;C:\Program Files\Git\mingw64\libexec\git-core;C:\Program Files\Git\mingw64\bin;C:\Program Files\Git\usr\bin;C:\Users\lance\bin;C:\Program Files\Common Files\Oracle\Java\javapath;C:\WINDOWS\system32;C:\WINDOWS;C:\WINDOWS\System32\Wbem;C:\WINDOWS\System32\WindowsPowerShell\v1.0;C:\WINDOWS\System32\OpenSSH;C:\Users\lance\Downloads\apache-maven-3.9.9-bin\bin;C:\Program Files\Git\cmd;C:\Program Files\MySQL\MySQL Shell 8.0\bin;C:\Users\lance\AppData\Local\Programs\Python\Launcher;C:\Users\lance\AppData\Local\Microsoft\WindowsApps;C:\Users\lance\AppData\Local\Programs\Microsoft VS Code\bin
USERNAME=lance
DISPLAY=:0.0
LC_ALL=en_US.UTF-8
TERM=xterm-256color
TMPDIR=C:\Users\lance\AppData\Local\Temp
OS=Windows_NT
PROCESSOR_IDENTIFIER=Intel64 Family 6 Model 142 Stepping 12, GenuineIntel
TMP=C:\Users\lance\AppData\Local\Temp
TEMP=C:\Users\lance\AppData\Local\Temp




Periodic native trim disabled

JNI global refs:
JNI global refs: 0, weak refs: 0

JNI global refs memory usage: 0, weak refs: 0

Process memory usage:
Resident Set Size: 11964K (0% of 8218416K total physical memory with 496316K free physical memory)

OOME stack traces (most recent first):
Classloader memory used:

---------------  S Y S T E M  ---------------

OS:
 Windows 11 , 64 bit Build 22621 (10.0.22621.4974)
OS uptime: 17 days 11:29 hours
Hyper-V role detected

CPU: total 4 (initial active 4) (2 cores per cpu, 2 threads per core) family 6 model 142 stepping 12 microcode 0xde, cx8, cmov, fxsr, ht, mmx, 3dnowpref, sse, sse2, sse3, ssse3, sse4.1, sse4.2, popcnt, lzcnt, tsc, tscinvbit, avx, avx2, aes, erms, clmul, bmi1, bmi2, adx, fma, vzeroupper, clflush, clflushopt, hv, rdtscp, f16c
Processor Information for processor 0
  Max Mhz: 2592, Current Mhz: 1495, Mhz Limit: 2073
Processor Information for processor 1
  Max Mhz: 2592, Current Mhz: 2592, Mhz Limit: 2073
Processor Information for processor 2
  Max Mhz: 2592, Current Mhz: 2592, Mhz Limit: 2073
Processor Information for processor 3
  Max Mhz: 2592, Current Mhz: 1495, Mhz Limit: 2073

Memory: 4k page, system-wide physical 8025M (484M free)
TotalPageFile size 23385M (AvailPageFile size 70M)
current process WorkingSet (physical memory assigned to process): 11M, peak: 11M
current process commit charge ("private bytes"): 52M, peak: 178M

vm_info: OpenJDK 64-Bit Server VM (21.0.5+8-b631.30) for windows-amd64 JRE (21.0.5+8-b631.30), built on 2024-12-06 by "builduser" with MS VC++ 16.10 / 16.11 (VS2019)

END.
